2025-06-08 22:18:36 [SpringApplicationShutdownHook] INFO  o.s.b.w.e.tomcat.GracefulShutdown - Commencing graceful shutdown. Waiting for active requests to complete
2025-06-08 22:18:36 [tomcat-shutdown] INFO  o.s.b.w.e.tomcat.GracefulShutdown - Graceful shutdown complete
2025-06-08 22:18:39 [main] INFO  r.FertGl.carsapi.CarsApiApplication - Starting CarsApiApplication using Java 24.0.1 with PID 4136 (C:\Users\User\IdeaProjects\cars-api\target\classes started by User in C:\Users\User\IdeaProjects\cars-api)
2025-06-08 22:18:39 [main] INFO  r.FertGl.carsapi.CarsApiApplication - No active profile set, falling back to 1 default profile: "default"
2025-06-08 22:18:40 [main] INFO  o.s.b.w.e.tomcat.TomcatWebServer - Tomcat initialized with port 8080 (http)
2025-06-08 22:18:40 [main] INFO  o.a.coyote.http11.Http11NioProtocol - Initializing ProtocolHandler ["http-nio-8080"]
2025-06-08 22:18:40 [main] INFO  o.a.catalina.core.StandardService - Starting service [Tomcat]
2025-06-08 22:18:40 [main] INFO  o.a.catalina.core.StandardEngine - Starting Servlet engine: [Apache Tomcat/10.1.41]
2025-06-08 22:18:40 [main] INFO  o.a.c.c.C.[Tomcat].[localhost].[/] - Initializing Spring embedded WebApplicationContext
2025-06-08 22:18:40 [main] INFO  o.s.b.w.s.c.ServletWebServerApplicationContext - Root WebApplicationContext: initialization completed in 915 ms
2025-06-08 22:18:41 [main] INFO  o.a.coyote.http11.Http11NioProtocol - Starting ProtocolHandler ["http-nio-8080"]
2025-06-08 22:18:41 [main] INFO  o.s.b.w.e.tomcat.TomcatWebServer - Tomcat started on port 8080 (http) with context path '/'
2025-06-08 22:18:41 [main] INFO  r.FertGl.carsapi.CarsApiApplication - Started CarsApiApplication in 1.838 seconds (process running for 2.392)
2025-06-08 22:18:44 [http-nio-8080-exec-1] INFO  o.a.c.c.C.[Tomcat].[localhost].[/] - Initializing Spring DispatcherServlet 'dispatcherServlet'
2025-06-08 22:18:44 [http-nio-8080-exec-1] INFO  o.s.web.servlet.DispatcherServlet - Initializing Servlet 'dispatcherServlet'
2025-06-08 22:18:44 [http-nio-8080-exec-1] INFO  o.s.web.servlet.DispatcherServlet - Completed initialization in 1 ms
2025-06-08 22:19:57 [SpringApplicationShutdownHook] INFO  o.s.b.w.e.tomcat.GracefulShutdown - Commencing graceful shutdown. Waiting for active requests to complete
2025-06-08 22:19:57 [tomcat-shutdown] INFO  o.s.b.w.e.tomcat.GracefulShutdown - Graceful shutdown complete
2025-06-08 22:20:22 [main] INFO  r.FertGl.carsapi.CarsApiApplication - Starting CarsApiApplication using Java 24.0.1 with PID 5320 (C:\Users\User\IdeaProjects\cars-api\target\classes started by User in C:\Users\User\IdeaProjects\cars-api)
2025-06-08 22:20:22 [main] INFO  r.FertGl.carsapi.CarsApiApplication - No active profile set, falling back to 1 default profile: "default"
2025-06-08 22:20:23 [main] INFO  o.s.b.w.e.tomcat.TomcatWebServer - Tomcat initialized with port 8080 (http)
2025-06-08 22:20:23 [main] INFO  o.a.coyote.http11.Http11NioProtocol - Initializing ProtocolHandler ["http-nio-8080"]
2025-06-08 22:20:23 [main] INFO  o.a.catalina.core.StandardService - Starting service [Tomcat]
2025-06-08 22:20:23 [main] INFO  o.a.catalina.core.StandardEngine - Starting Servlet engine: [Apache Tomcat/10.1.41]
2025-06-08 22:20:23 [main] INFO  o.a.c.c.C.[Tomcat].[localhost].[/] - Initializing Spring embedded WebApplicationContext
2025-06-08 22:20:23 [main] INFO  o.s.b.w.s.c.ServletWebServerApplicationContext - Root WebApplicationContext: initialization completed in 909 ms
2025-06-08 22:20:24 [main] INFO  o.a.coyote.http11.Http11NioProtocol - Starting ProtocolHandler ["http-nio-8080"]
2025-06-08 22:20:24 [main] INFO  o.s.b.w.e.tomcat.TomcatWebServer - Tomcat started on port 8080 (http) with context path '/'
2025-06-08 22:20:24 [main] INFO  r.FertGl.carsapi.CarsApiApplication - Started CarsApiApplication in 1.802 seconds (process running for 2.374)
2025-06-08 22:20:29 [http-nio-8080-exec-1] INFO  o.a.c.c.C.[Tomcat].[localhost].[/] - Initializing Spring DispatcherServlet 'dispatcherServlet'
2025-06-08 22:20:29 [http-nio-8080-exec-1] INFO  o.s.web.servlet.DispatcherServlet - Initializing Servlet 'dispatcherServlet'
2025-06-08 22:20:29 [http-nio-8080-exec-1] INFO  o.s.web.servlet.DispatcherServlet - Completed initialization in 1 ms
2025-06-08 22:20:46 [SpringApplicationShutdownHook] INFO  o.s.b.w.e.tomcat.GracefulShutdown - Commencing graceful shutdown. Waiting for active requests to complete
2025-06-08 22:20:46 [tomcat-shutdown] INFO  o.s.b.w.e.tomcat.GracefulShutdown - Graceful shutdown complete
